<?xml version="1.0" encoding="UTF-8"?>
<!-- Generated by org.testng.reporters.JUnitReportReporter -->
<testsuite hostname="Fatimah" failures="0" tests="6" name="testngtutorialbyrsa.day3" time="0.023" errors="0" timestamp="2023-07-04T14:27:00 SGT" skipped="1">
  <testcase classname="testngtutorialbyrsa.day3" name="MobileLogincarLoan" time="0.008"/>
  <system-out/>
  <testcase classname="testngtutorialbyrsa.day3" name="MobilesignoutcarLoan" time="0.005"/>
  <system-out/>
  <testcase classname="testngtutorialbyrsa.day3" name="MobilesignoutcarLoan" time="0.004"/>
  <system-out/>
  <testcase classname="testngtutorialbyrsa.day3" name="WebloginCarLoan" time="0.003"/>
  <system-out/>
  <testcase classname="testngtutorialbyrsa.day3" name="MobilesignoutcarLoan" time="0.003"/>
  <system-out/>
  <testcase classname="testngtutorialbyrsa.day3" name="MobilesignimcarLoan">
    <skipped/>
  </testcase> <!-- MobilesignimcarLoan -->
  <system-out/>
</testsuite> <!-- testngtutorialbyrsa.day3 -->
