<?xml version="1.0" encoding="UTF-8"?>
<!-- Generated by org.testng.reporters.JUnitReportReporter -->
<testsuite hostname="Fatimah" failures="0" tests="1" name="com.parameters.ParameterTest" time="4.053" errors="0" timestamp="2023-07-04T14:17:58 SGT" skipped="0">
  <testcase classname="com.parameters.ParameterTest" name="HubSpotLoginTest" time="4.053"/>
  <system-out/>
</testsuite> <!-- com.parameters.ParameterTest -->
