<?xml version="1.0" encoding="UTF-8"?>
<!-- Generated by org.testng.reporters.JUnitReportReporter -->
<testsuite hostname="Fatimah" failures="0" tests="3" name="testngtutorialbyrsa.day4" time="0.006" errors="0" timestamp="2023-07-04T14:27:00 SGT" skipped="0">
  <testcase classname="testngtutorialbyrsa.day4" name="LoginAPIHomeLoan" time="0.001"/>
  <system-out/>
  <testcase classname="testngtutorialbyrsa.day4" name="WebloginHomeLoan" time="0.003"/>
  <system-out/>
  <testcase classname="testngtutorialbyrsa.day4" name="MobileLoginHomeLoan" time="0.002"/>
  <system-out/>
</testsuite> <!-- testngtutorialbyrsa.day4 -->
