<?xml version="1.0" encoding="UTF-8"?>
<!-- Generated by org.testng.reporters.JUnitReportReporter -->
<testsuite hostname="Fatimah" failures="0" tests="1" name="testngtutorialbyrsa.day2" time="0.002" errors="0" timestamp="2023-07-04T14:27:00 SGT" skipped="0">
  <testcase classname="testngtutorialbyrsa.day2" name="ploan" time="0.002"/>
  <system-out/>
</testsuite> <!-- testngtutorialbyrsa.day2 -->
